2026-06-20 10:31:39,914 [DEBUG] Using proactor: IocpProactor
2026-06-20 10:31:41,768 [INFO] Collector primed
2026-06-20 10:31:51,348 [INFO] Shutdown requested from dashboard
2026-06-20 10:31:51,670 [INFO] Session saved: D:\cpu\pc-monitor\log\2026-06-20_103139.html
2026-06-20 10:31:51,670 [INFO] Session saved: D:\cpu\pc-monitor\log\2026-06-20_103139.html
2026-06-20 10:32:11,417 [DEBUG] Using proactor: IocpProactor
2026-06-20 10:32:13,050 [INFO] Collector primed
2026-06-20 10:32:46,655 [DEBUG] Using proactor: IocpProactor
2026-06-20 10:32:48,414 [INFO] Collector primed
2026-06-20 10:49:23,310 [DEBUG] Using proactor: IocpProactor
2026-06-20 10:49:24,907 [INFO] Collector primed
2026-06-20 10:49:48,027 [DEBUG] Using proactor: IocpProactor
2026-06-20 10:49:49,594 [INFO] Collector primed
2026-06-20 10:50:30,343 [DEBUG] Using proactor: IocpProactor
2026-06-20 10:50:31,728 [INFO] Collector primed
2026-06-20 10:52:19,071 [DEBUG] Using proactor: IocpProactor
2026-06-20 10:52:20,634 [INFO] Collector primed
2026-06-20 10:52:45,402 [DEBUG] Using proactor: IocpProactor
2026-06-20 10:52:46,857 [INFO] Collector primed
2026-06-20 10:53:45,365 [DEBUG] Using proactor: IocpProactor
2026-06-20 10:53:47,200 [INFO] Collector primed
2026-06-20 10:54:11,335 [DEBUG] Using proactor: IocpProactor
2026-06-20 10:54:13,059 [INFO] Collector primed
2026-06-20 10:55:02,450 [DEBUG] Using proactor: IocpProactor
2026-06-20 10:55:03,950 [INFO] Collector primed
2026-06-20 10:55:34,338 [DEBUG] Using proactor: IocpProactor
2026-06-20 10:55:35,778 [INFO] Collector primed
2026-06-20 10:56:26,161 [DEBUG] Using proactor: IocpProactor
2026-06-20 10:56:27,545 [INFO] Collector primed
2026-06-20 10:57:35,519 [DEBUG] Using proactor: IocpProactor
2026-06-20 10:57:36,779 [INFO] Collector primed
2026-06-20 11:07:19,993 [DEBUG] Using proactor: IocpProactor
2026-06-20 11:07:21,250 [INFO] Collector primed
2026-06-20 11:08:39,680 [DEBUG] Using proactor: IocpProactor
2026-06-20 11:08:41,208 [INFO] Collector primed
2026-06-20 11:09:16,035 [DEBUG] Using proactor: IocpProactor
2026-06-20 11:09:16,129 [INFO] Collector primed
2026-06-20 11:10:16,952 [DEBUG] Using proactor: IocpProactor
2026-06-20 11:10:18,809 [INFO] Collector primed
2026-06-20 11:11:38,382 [DEBUG] Using proactor: IocpProactor
2026-06-20 11:11:39,880 [INFO] Collector primed
2026-06-20 11:13:25,612 [DEBUG] Using proactor: IocpProactor
2026-06-20 11:13:27,117 [INFO] Collector primed
2026-06-20 11:14:28,716 [DEBUG] Using proactor: IocpProactor
2026-06-20 11:14:30,168 [INFO] Collector primed
2026-06-20 11:14:35,410 [INFO] Shutdown requested from dashboard
2026-06-20 11:14:36,452 [INFO] Session saved: D:\cpu\pc-monitor\log\2026-06-20_111428.html
2026-06-20 11:14:36,452 [INFO] Session saved: D:\cpu\pc-monitor\log\2026-06-20_111428.html
2026-06-20 11:16:49,232 [DEBUG] Using proactor: IocpProactor
2026-06-20 11:16:49,326 [INFO] Collector primed
2026-06-20 11:16:58,833 [DEBUG] Using proactor: IocpProactor
2026-06-20 11:16:58,919 [INFO] Collector primed
2026-06-20 11:17:09,154 [INFO] Shutdown requested from dashboard
2026-06-20 11:17:10,025 [INFO] Session saved: D:\cpu\pc-monitor\log\2026-06-20_111658.html
2026-06-20 11:17:10,025 [INFO] Session saved: D:\cpu\pc-monitor\log\2026-06-20_111658.html
2026-06-20 11:17:45,249 [DEBUG] Using proactor: IocpProactor
2026-06-20 11:17:46,923 [INFO] Collector primed
2026-06-20 11:18:50,703 [DEBUG] Using proactor: IocpProactor
2026-06-20 11:18:52,060 [INFO] Collector primed
2026-06-20 11:21:07,149 [INFO] Shutdown requested from dashboard
2026-06-20 11:21:07,449 [INFO] Session saved: D:\cpu\pc-monitor\log\2026-06-20_111850.html
2026-06-20 11:21:07,449 [INFO] Session saved: D:\cpu\pc-monitor\log\2026-06-20_111850.html
2026-06-20 11:22:08,364 [DEBUG] Using proactor: IocpProactor
2026-06-20 11:22:09,482 [INFO] Collector primed
2026-06-20 11:24:37,534 [DEBUG] Using proactor: IocpProactor
2026-06-20 11:24:38,833 [INFO] Collector primed
2026-06-20 11:24:38,834 [INFO] Session saved: D:\cpu\pc-monitor\log\2026-06-20_112437.html
2026-06-20 11:24:38,835 [INFO] Session saved on shutdown
2026-06-20 11:24:56,259 [INFO] Shutdown requested from dashboard
2026-06-20 11:24:57,095 [INFO] Session saved: D:\cpu\pc-monitor\log\2026-06-20_112208.html
2026-06-20 11:24:57,095 [INFO] Session saved: D:\cpu\pc-monitor\log\2026-06-20_112208.html
2026-06-20 11:24:58,981 [DEBUG] Using proactor: IocpProactor
2026-06-20 11:24:59,979 [INFO] Collector primed
2026-06-20 11:29:06,460 [INFO] Shutdown requested from dashboard
2026-06-20 11:29:06,777 [INFO] Session saved: D:\cpu\pc-monitor\log\2026-06-20_112459.html
2026-06-20 11:29:06,777 [INFO] Session saved: D:\cpu\pc-monitor\log\2026-06-20_112459.html
2026-06-20 11:29:11,883 [DEBUG] Using proactor: IocpProactor
2026-06-20 11:29:11,958 [INFO] Collector primed
2026-06-20 11:30:32,512 [INFO] Shutdown requested from dashboard
2026-06-20 11:30:32,816 [INFO] Session saved: D:\cpu\pc-monitor\log\2026-06-20_112911.html
2026-06-20 11:30:32,816 [INFO] Session saved: D:\cpu\pc-monitor\log\2026-06-20_112911.html
2026-06-20 11:30:37,886 [DEBUG] Using proactor: IocpProactor
2026-06-20 11:30:37,966 [INFO] Collector primed
2026-06-20 11:32:14,035 [INFO] Shutdown requested from dashboard
2026-06-20 11:32:14,357 [INFO] Session saved: D:\cpu\pc-monitor\log\2026-06-20_113037.html
2026-06-20 11:32:14,357 [INFO] Session saved: D:\cpu\pc-monitor\log\2026-06-20_113037.html
2026-06-20 11:32:17,983 [DEBUG] Using proactor: IocpProactor
2026-06-20 11:32:18,939 [INFO] Collector primed
2026-06-20 11:33:53,217 [DEBUG] Using proactor: IocpProactor
2026-06-20 11:33:54,684 [INFO] Collector primed
2026-06-20 11:33:54,685 [INFO] Session saved: D:\cpu\pc-monitor\log\2026-06-20_113353.html
2026-06-20 11:33:54,685 [INFO] Session saved on shutdown
2026-06-20 11:34:40,426 [DEBUG] Using proactor: IocpProactor
2026-06-20 11:34:41,639 [INFO] Collector primed
2026-06-20 11:34:41,641 [INFO] Session saved: D:\cpu\pc-monitor\log\2026-06-20_113440.html
2026-06-20 11:34:41,641 [INFO] Session saved on shutdown
2026-06-20 11:37:54,552 [INFO] Shutdown requested from dashboard
2026-06-20 11:37:54,862 [INFO] Session saved: D:\cpu\pc-monitor\log\2026-06-20_113218.html
2026-06-20 11:37:54,862 [INFO] Session saved: D:\cpu\pc-monitor\log\2026-06-20_113218.html
2026-06-20 11:37:59,772 [DEBUG] Using proactor: IocpProactor
2026-06-20 11:37:59,846 [INFO] Collector primed
2026-06-20 11:47:53,548 [INFO] Shutdown requested from dashboard
2026-06-20 11:47:53,868 [INFO] Session saved: D:\cpu\pc-monitor\log\2026-06-20_113759.html
2026-06-20 11:47:53,868 [INFO] Session saved: D:\cpu\pc-monitor\log\2026-06-20_113759.html
2026-06-20 11:48:09,058 [DEBUG] Using proactor: IocpProactor
2026-06-20 11:48:10,121 [INFO] Collector primed
2026-06-20 11:50:33,199 [DEBUG] Using proactor: IocpProactor
2026-06-20 11:50:33,275 [INFO] Collector primed
2026-06-20 11:55:28,098 [INFO] Shutdown requested from dashboard
2026-06-20 11:55:28,412 [INFO] Session saved: D:\cpu\pc-monitor\log\2026-06-20_115033.html
2026-06-20 11:55:28,412 [INFO] Session saved: D:\cpu\pc-monitor\log\2026-06-20_115033.html
2026-06-20 11:57:17,832 [DEBUG] Using proactor: IocpProactor
2026-06-20 11:57:18,916 [INFO] Collector primed
